15:41:52 **** Incremental Build of configuration Nios II for project cs303_lab2 ****
make all 
Info: Building ../cs303_lab2_bsp/
C:/intelFPGA_lite/18.1/nios2eds/bin/gnu/H-x86_64-mingw32/bin/make --no-print-directory -C ../cs303_lab2_bsp/
[BSP build complete]
Info: Compiling main.c to obj/default/main.o
nios2-elf-gcc -xc -MP -MMD -c -I../cs303_lab2_bsp//HAL/inc -I../cs303_lab2_bsp/ -I../cs303_lab2_bsp//drivers/inc  -pipe -D__hal__ -DALT_NO_INSTRUCTION_EMULATION -DALT_SINGLE_THREADED    -O0 -g -Wall   -mno-hw-div -mhw-mul -mno-hw-mulx -mgpopt=global  -o obj/default/main.o main.c
Info: Linking cs303_lab2.elf
nios2-elf-g++  -T'../cs303_lab2_bsp//linker.x' -msys-crt0='../cs303_lab2_bsp//obj/HAL/src/crt0.o' -msys-lib=hal_bsp -L../cs303_lab2_bsp/   -Wl,-Map=cs303_lab2.map   -O0 -g -Wall   -mno-hw-div -mhw-mul -mno-hw-mulx -mgpopt=global  -o cs303_lab2.elf obj/default/main.o -lm -msys-lib=m
obj/default/main.o: In function `main':
C:\Projects\University\University-Assignments\COMPSYS-303\Lab2\DE2-115\software\cs303_lab2/main.c:11: undefined reference to `reset'
C:\Projects\University\University-Assignments\COMPSYS-303\Lab2\DE2-115\software\cs303_lab2/main.c:20: undefined reference to `tick'
collect2.exe: error: ld returned 1 exit status
make: *** [cs303_lab2.elf] Error 1

15:41:53 Build Finished (took 966ms)

